2020-Jun-03 02:06:26,208 [main] resonancia.bigbasket.customeutils.WebEventListner 
  INFO  Trying to click on Login
2020-Jun-03 02:06:26,584 [main] resonancia.bigbasket.customeutils.WebEventListner 
  INFO  Clicked on Login
2020-Jun-03 02:06:39,507 [main] resonancia.bigbasket.customeutils.WebEventListner 
  INFO  Trying to click on 
2020-Jun-03 02:06:40,965 [main] resonancia.bigbasket.customeutils.WebEventListner 
  INFO  Clicked on 
2020-Jun-03 02:06:41,075 [main] resonancia.bigbasket.customeutils.WebEventListner 
  INFO  Trying to click on Login
2020-Jun-03 02:06:43,712 [main] resonancia.bigbasket.customeutils.WebEventListner 
  INFO  Clicked on Login
2020-Jun-03 02:06:45,872 [main] resonancia.bigbasket.customeutils.WebEventListner 
  INFO  Trying to click on 
2020-Jun-03 02:06:47,151 [main] resonancia.bigbasket.customeutils.WebEventListner 
  INFO  Clicked on 
2020-Jun-03 02:06:54,942 [main] resonancia.bigbasket.customeutils.WebEventListner 
  INFO  Trying to click on Next
2020-Jun-03 02:06:56,788 [main] resonancia.bigbasket.customeutils.WebEventListner 
  INFO  Clicked on Next
