2020-Jun-03 02:23:34,430 [main] resonancia.bigbasket.customeutils.WebEventListner 
  INFO  Trying to click on Login
2020-Jun-03 02:23:37,910 [main] resonancia.bigbasket.customeutils.WebEventListner 
  INFO  Clicked on Login
2020-Jun-03 02:23:40,327 [main] resonancia.bigbasket.customeutils.WebEventListner 
  INFO  Trying to click on 
2020-Jun-03 02:23:40,865 [main] resonancia.bigbasket.customeutils.WebEventListner 
  INFO  Clicked on 
2020-Jun-03 02:23:41,322 [main] resonancia.bigbasket.customeutils.WebEventListner 
  INFO  Trying to click on Login
2020-Jun-03 02:23:43,356 [main] resonancia.bigbasket.customeutils.WebEventListner 
  INFO  Clicked on Login
2020-Jun-03 02:23:45,524 [main] resonancia.bigbasket.customeutils.WebEventListner 
  INFO  Trying to click on 
2020-Jun-03 02:23:46,717 [main] resonancia.bigbasket.customeutils.WebEventListner 
  INFO  Clicked on 
2020-Jun-03 02:23:55,352 [main] resonancia.bigbasket.customeutils.WebEventListner 
  INFO  Trying to click on Next
2020-Jun-03 02:23:56,598 [main] resonancia.bigbasket.customeutils.WebEventListner 
  INFO  Clicked on Next
2020-Jun-03 02:23:59,760 [main] resonancia.bigbasket.customeutils.WebEventListner 
  INFO  Trying to click on Next
