2020-Jun-03 02:03:31,099 [main] resonancia.bigbasket.customeutils.WebEventListner 
  INFO  Trying to click on Login
2020-Jun-03 02:03:33,716 [main] resonancia.bigbasket.customeutils.WebEventListner 
  INFO  Clicked on Login
2020-Jun-03 02:03:37,251 [main] resonancia.bigbasket.customeutils.WebEventListner 
  INFO  Trying to click on 
2020-Jun-03 02:03:38,603 [main] resonancia.bigbasket.customeutils.WebEventListner 
  INFO  Clicked on 
2020-Jun-03 02:03:39,355 [main] resonancia.bigbasket.customeutils.WebEventListner 
  INFO  Trying to click on Login
2020-Jun-03 02:03:42,484 [main] resonancia.bigbasket.customeutils.WebEventListner 
  INFO  Clicked on Login
2020-Jun-03 02:03:45,509 [main] resonancia.bigbasket.customeutils.WebEventListner 
  INFO  Trying to click on 
2020-Jun-03 02:03:47,659 [main] resonancia.bigbasket.customeutils.WebEventListner 
  INFO  Clicked on 
2020-Jun-03 02:03:56,838 [main] resonancia.bigbasket.customeutils.WebEventListner 
  INFO  Trying to click on Next
2020-Jun-03 02:03:58,050 [main] resonancia.bigbasket.customeutils.WebEventListner 
  INFO  Clicked on Next
